0 info it worked if it ends with ok
1 verbose cli [ 'c:\\Program Files\\nodejs\\node.exe',
1 verbose cli   'c:\\Program Files\\nodejs\\node_modules\\npm\\bin\\npm-cli.js',
1 verbose cli   'init' ]
2 info using npm@1.3.25
3 info using node@v0.11.12
4 silly package data undefined
5 info init written successfully
6 error Error: canceled
6 error     at Interface.<anonymous> (C:\Users\Ruslan\AppData\Roaming\nvm\v0.11.12\node_modules\npm\node_modules\read\lib\read.js:66:13)
6 error     at Interface.EventEmitter.emit (events.js:101:17)
6 error     at Interface._ttyWrite (readline.js:666:16)
6 error     at ReadStream.onkeypress (readline.js:101:10)
6 error     at ReadStream.EventEmitter.emit (events.js:107:17)
6 error     at emitKey (readline.js:1143:12)
6 error     at ReadStream.onData (readline.js:886:14)
6 error     at ReadStream.EventEmitter.emit (events.js:104:17)
6 error     at readableAddChunk (_stream_readable.js:156:16)
6 error     at ReadStream.Readable.push (_stream_readable.js:123:10)
7 error If you need help, you may report this *entire* log,
7 error including the npm and node versions, at:
7 error     <http://github.com/isaacs/npm/issues>
8 error System Windows_NT 6.2.9200
9 error command "c:\\Program Files\\nodejs\\node.exe" "c:\\Program Files\\nodejs\\node_modules\\npm\\bin\\npm-cli.js" "init"
10 error cwd c:\Users\Ruslan\MyWork\SDU\Masters\Year1\Sem2\Ubiquitous Comp\Tasks\PiTask1\testing_app
11 error node -v v0.11.12
12 error npm -v 1.3.25
13 verbose exit [ 1, true ]
